2023-11-11 17:32:37,620 INFO: Microblog startup [in /home/jungleroar/PycharmProjects/microblog/app/__init__.py:85]
2023-11-11 17:55:59,451 INFO: Microblog startup [in /home/jungleroar/PycharmProjects/microblog/app/__init__.py:85]
2023-11-11 17:56:12,405 INFO: Microblog startup [in /home/jungleroar/PycharmProjects/microblog/app/__init__.py:85]
2023-11-14 20:08:41,110 INFO: Microblog startup [in /home/jungleroar/PycharmProjects/microblog/app/__init__.py:85]
2023-11-14 20:28:44,447 INFO: Microblog startup [in /home/jungleroar/PycharmProjects/microblog/app/__init__.py:85]
2023-11-14 20:29:01,297 INFO: Microblog startup [in /home/jungleroar/PycharmProjects/microblog/app/__init__.py:85]
2023-11-15 21:45:19,130 INFO: Microblog startup [in /home/jungleroar/PycharmProjects/microblog/app/__init__.py:89]
2023-11-15 21:45:20,136 INFO: Microblog startup [in /home/jungleroar/PycharmProjects/microblog/app/__init__.py:89]
2023-11-15 22:03:13,245 INFO: Microblog startup [in /home/jungleroar/PycharmProjects/microblog/./app/__init__.py:89]
2023-11-15 22:03:17,325 INFO: Microblog startup [in /home/jungleroar/PycharmProjects/microblog/app/__init__.py:89]
2023-11-15 22:03:18,278 INFO: Microblog startup [in /home/jungleroar/PycharmProjects/microblog/app/__init__.py:89]
2023-11-15 22:03:34,336 ERROR: Unhandled exception [in /home/jungleroar/PycharmProjects/microblog/./app/tasks.py:63]
Traceback (most recent call last):
  File "/home/jungleroar/PycharmProjects/microblog/./app/tasks.py", line 54, in export_posts
    send_email('[Microblog] Your blog posts',
  File "/home/jungleroar/PycharmProjects/microblog/./app/email.py", line 22, in send_email
    mail.send(msg)
  File "/home/jungleroar/PycharmProjects/microblog/venv/lib/python3.10/site-packages/flask_mail.py", line 491, in send
    with self.connect() as connection:
  File "/home/jungleroar/PycharmProjects/microblog/venv/lib/python3.10/site-packages/flask_mail.py", line 144, in __enter__
    self.host = self.configure_host()
  File "/home/jungleroar/PycharmProjects/microblog/venv/lib/python3.10/site-packages/flask_mail.py", line 158, in configure_host
    host = smtplib.SMTP(self.mail.server, self.mail.port)
  File "/usr/lib/python3.10/smtplib.py", line 255, in __init__
    (code, msg) = self.connect(host, port)
  File "/usr/lib/python3.10/smtplib.py", line 341, in connect
    self.sock = self._get_socket(host, port, self.timeout)
  File "/usr/lib/python3.10/smtplib.py", line 312, in _get_socket
    return socket.create_connection((host, port), timeout,
  File "/usr/lib/python3.10/socket.py", line 845, in create_connection
    raise err
  File "/usr/lib/python3.10/socket.py", line 833, in create_connection
    sock.connect(sa)
ConnectionRefusedError: [Errno 111] Connection refused
2023-11-15 22:03:47,086 INFO: Microblog startup [in /home/jungleroar/PycharmProjects/microblog/./app/__init__.py:89]
2023-11-15 22:03:57,710 ERROR: Unhandled exception [in /home/jungleroar/PycharmProjects/microblog/./app/tasks.py:63]
Traceback (most recent call last):
  File "/home/jungleroar/PycharmProjects/microblog/./app/tasks.py", line 54, in export_posts
    send_email('[Microblog] Your blog posts',
  File "/home/jungleroar/PycharmProjects/microblog/./app/email.py", line 22, in send_email
    mail.send(msg)
  File "/home/jungleroar/PycharmProjects/microblog/venv/lib/python3.10/site-packages/flask_mail.py", line 491, in send
    with self.connect() as connection:
  File "/home/jungleroar/PycharmProjects/microblog/venv/lib/python3.10/site-packages/flask_mail.py", line 144, in __enter__
    self.host = self.configure_host()
  File "/home/jungleroar/PycharmProjects/microblog/venv/lib/python3.10/site-packages/flask_mail.py", line 158, in configure_host
    host = smtplib.SMTP(self.mail.server, self.mail.port)
  File "/usr/lib/python3.10/smtplib.py", line 255, in __init__
    (code, msg) = self.connect(host, port)
  File "/usr/lib/python3.10/smtplib.py", line 341, in connect
    self.sock = self._get_socket(host, port, self.timeout)
  File "/usr/lib/python3.10/smtplib.py", line 312, in _get_socket
    return socket.create_connection((host, port), timeout,
  File "/usr/lib/python3.10/socket.py", line 845, in create_connection
    raise err
  File "/usr/lib/python3.10/socket.py", line 833, in create_connection
    sock.connect(sa)
ConnectionRefusedError: [Errno 111] Connection refused
2023-11-15 22:04:32,128 INFO: Microblog startup [in /home/jungleroar/PycharmProjects/microblog/./app/__init__.py:89]
2023-11-15 22:04:42,845 ERROR: Unhandled exception [in /home/jungleroar/PycharmProjects/microblog/./app/tasks.py:63]
Traceback (most recent call last):
  File "/home/jungleroar/PycharmProjects/microblog/./app/tasks.py", line 54, in export_posts
    send_email('[Microblog] Your blog posts',
  File "/home/jungleroar/PycharmProjects/microblog/./app/email.py", line 22, in send_email
    mail.send(msg)
  File "/home/jungleroar/PycharmProjects/microblog/venv/lib/python3.10/site-packages/flask_mail.py", line 491, in send
    with self.connect() as connection:
  File "/home/jungleroar/PycharmProjects/microblog/venv/lib/python3.10/site-packages/flask_mail.py", line 144, in __enter__
    self.host = self.configure_host()
  File "/home/jungleroar/PycharmProjects/microblog/venv/lib/python3.10/site-packages/flask_mail.py", line 158, in configure_host
    host = smtplib.SMTP(self.mail.server, self.mail.port)
  File "/usr/lib/python3.10/smtplib.py", line 255, in __init__
    (code, msg) = self.connect(host, port)
  File "/usr/lib/python3.10/smtplib.py", line 341, in connect
    self.sock = self._get_socket(host, port, self.timeout)
  File "/usr/lib/python3.10/smtplib.py", line 312, in _get_socket
    return socket.create_connection((host, port), timeout,
  File "/usr/lib/python3.10/socket.py", line 845, in create_connection
    raise err
  File "/usr/lib/python3.10/socket.py", line 833, in create_connection
    sock.connect(sa)
ConnectionRefusedError: [Errno 111] Connection refused
